<?xml version="1.0" encoding="UTF-8"?>
<!-- Generated by org.testng.reporters.JUnitXMLReporter -->
<testsuite ignored="1" hostname="LAPTOP-BU3JRSEC" failures="0" tests="1" name="Default test" time="80.228" errors="0" timestamp="2023-11-25T13:10:36 IST">
  <testcase classname="org.vedha.naukari.NaukariScripts" name="VerifyRegPage" time="72.319"/>
  <testcase classname="org.vedha.naukari.NaukariScripts" name="VerifyLoginPage" time="0.0">
    <ignored/>
  </testcase> <!-- VerifyLoginPage -->
</testsuite> <!-- Default test -->
