<?xml version="1.0" encoding="UTF-8"?>
<!-- Generated by org.testng.reporters.JUnitXMLReporter -->
<testsuite ignored="1" hostname="LAPTOP-BU3JRSEC" failures="0" tests="1" name="Default test" time="20.086" errors="0" timestamp="2023-11-29T19:29:52 IST">
  <testcase classname="org.vedha.naukari.NaukariScripts" name="VerifyLoginPage" time="11.012"/>
  <testcase classname="org.vedha.naukari.NaukariScripts" name="VerifyRegPage" time="0.0">
    <ignored/>
  </testcase> <!-- VerifyRegPage -->
</testsuite> <!-- Default test -->
