<?xml version="1.0" encoding="UTF-8"?>
<testng-results ignored="1" total="2" passed="1" failed="0" skipped="0">
  <reporter-output>
  </reporter-output>
  <suite started-at="2023-11-29T19:29:31 IST" name="Default suite" finished-at="2023-11-29T19:29:51 IST" duration-ms="20086">
    <groups>
    </groups>
    <test started-at="2023-11-29T19:29:31 IST" name="Default test" finished-at="2023-11-29T19:29:51 IST" duration-ms="20086">
      <class name="org.vedha.naukari.NaukariScripts">
        <test-method is-config="true" signature="SetUpLoggers()[pri:0, instance:org.vedha.naukari.NaukariScripts@72c8e7b]" started-at="2023-11-29T19:29:31 IST" name="SetUpLoggers" finished-at="2023-11-29T19:29:31 IST" duration-ms="14" status="PASS">
          <reporter-output>
          </reporter-output>
        </test-method> <!-- SetUpLoggers -->
        <test-method is-config="true" signature="Initialization()[pri:0, instance:org.vedha.naukari.NaukariScripts@72c8e7b]" started-at="2023-11-29T19:29:31 IST" name="Initialization" finished-at="2023-11-29T19:29:40 IST" duration-ms="8651" status="PASS">
          <reporter-output>
          </reporter-output>
        </test-method> <!-- Initialization -->
        <test-method signature="VerifyLoginPage()[pri:1, instance:org.vedha.naukari.NaukariScripts@72c8e7b]" started-at="2023-11-29T19:29:40 IST" name="VerifyLoginPage" description="Verifying Naukari Login &amp; Logout functionality" finished-at="2023-11-29T19:29:51 IST" duration-ms="11012" status="PASS">
          <reporter-output>
          </reporter-output>
        </test-method> <!-- VerifyLoginPage -->
        <test-method is-config="true" signature="Dispose()[pri:0, instance:org.vedha.naukari.NaukariScripts@72c8e7b]" started-at="2023-11-29T19:29:51 IST" name="Dispose" finished-at="2023-11-29T19:29:51 IST" duration-ms="0" status="PASS">
          <reporter-output>
          </reporter-output>
        </test-method> <!-- Dispose -->
      </class> <!-- org.vedha.naukari.NaukariScripts -->
    </test> <!-- Default test -->
  </suite> <!-- Default suite -->
</testng-results>
