<?xml version="1.0" encoding="UTF-8"?>
<testng-results ignored="1" total="2" passed="1" failed="0" skipped="0">
  <reporter-output>
  </reporter-output>
  <suite started-at="2023-11-25T13:09:16 IST" name="Default suite" finished-at="2023-11-25T13:10:36 IST" duration-ms="80228">
    <groups>
    </groups>
    <test started-at="2023-11-25T13:09:16 IST" name="Default test" finished-at="2023-11-25T13:10:36 IST" duration-ms="80228">
      <class name="org.vedha.naukari.NaukariScripts">
        <test-method is-config="true" signature="SetUpLoggers()[pri:0, instance:org.vedha.naukari.NaukariScripts@65f8f5ae]" started-at="2023-11-25T13:09:16 IST" name="SetUpLoggers" finished-at="2023-11-25T13:09:16 IST" duration-ms="13" status="PASS">
          <reporter-output>
          </reporter-output>
        </test-method> <!-- SetUpLoggers -->
        <test-method is-config="true" signature="Initialization()[pri:0, instance:org.vedha.naukari.NaukariScripts@65f8f5ae]" started-at="2023-11-25T13:09:16 IST" name="Initialization" finished-at="2023-11-25T13:09:22 IST" duration-ms="5776" status="PASS">
          <reporter-output>
          </reporter-output>
        </test-method> <!-- Initialization -->
        <test-method signature="VerifyRegPage()[pri:2, instance:org.vedha.naukari.NaukariScripts@65f8f5ae]" started-at="2023-11-25T13:09:22 IST" name="VerifyRegPage" description="Verifying Naukari Registration functionality" finished-at="2023-11-25T13:10:34 IST" duration-ms="72319" status="PASS">
          <reporter-output>
          </reporter-output>
        </test-method> <!-- VerifyRegPage -->
        <test-method is-config="true" signature="Dispose()[pri:0, instance:org.vedha.naukari.NaukariScripts@65f8f5ae]" started-at="2023-11-25T13:10:36 IST" name="Dispose" finished-at="2023-11-25T13:10:36 IST" duration-ms="1" status="PASS">
          <reporter-output>
          </reporter-output>
        </test-method> <!-- Dispose -->
      </class> <!-- org.vedha.naukari.NaukariScripts -->
    </test> <!-- Default test -->
  </suite> <!-- Default suite -->
</testng-results>
